Stopping existing hypridle instances...
Starting hypridle from Ambxst environment...
Starting wl-clip-persist from Ambxst environment...
[32m  INFO[0m: Launching config: "/nix/store/8ba1b7i4av8qqvaca6cjya3aa5f4lqik-source/shell.qml"
[32m  INFO[0m: Shell ID: "Ambxst" Path ID "9ab71c2ffcc00ae0bb6adc136aac1ca4"
[32m  INFO[0m: Saving logs to "/run/user/1000/quickshell/by-id/dit82yo417t/log.qslog"
[33m  WARN[0m: Attempting to set another interceptor on  QQuickRectangle property radius - unsupported
[33m  WARN[0m: Attempting to set another interceptor on  QQuickRectangle property radius - unsupported
[33m  WARN[0m: Attempting to set another interceptor on  QQuickRectangle property radius - unsupported
[33m  WARN[0m: Attempting to set another interceptor on  QQuickRectangle property radius - unsupported
[33m  WARN[0m: Attempting to set another interceptor on  QQuickRectangle property radius - unsupported
[33m  WARN[0m: Attempting to set another interceptor on  QQuickRectangle property radius - unsupported
[33m  WARN[97m scene[0m: QML Connections at @modules/bar/VolumeSlider.qml[143:13]: Detected function "onVolumeChanged" in Connections element. This is probably intended to be a signal handler but no signal of the target matches the name.
[33m  WARN[97m scene[0m: QML Connections at @modules/bar/MicSlider.qml[130:13]: Detected function "onVolumeChanged" in Connections element. This is probably intended to be a signal handler but no signal of the target matches the name.
[33m  WARN[0m: Could not load icon "image-missing?fallback=image-missing" at size QSize(17, 17) from request
[33m  WARN[97m scene[0m: QML Connections at @modules/bar/VolumeSlider.qml[143:13]: Detected function "onVolumeChanged" in Connections element. This is probably intended to be a signal handler but no signal of the target matches the name.
[33m  WARN[97m scene[0m: QML Connections at @modules/bar/MicSlider.qml[130:13]: Detected function "onVolumeChanged" in Connections element. This is probably intended to be a signal handler but no signal of the target matches the name.
[33m  WARN[0m: Could not attach Keys property to:  Wallpaper_QMLTYPE_138(0x7f20aa993000)  is not an Item
[34m DEBUG[97m qml[0m: Wallpaper directory changed to: /nix/store/8ba1b7i4av8qqvaca6cjya3aa5f4lqik-source/assets/wallpapers_example
[33m  WARN[97m scene[0m: @modules/widgets/settings/ThemeTab.qml[183:33]: Unable to assign [undefined] to double
[33m  WARN[97m scene[0m: @modules/widgets/settings/ThemeTab.qml[183:33]: Unable to assign [undefined] to double
[33m  WARN[97m scene[0m: @modules/widgets/settings/ThemeTab.qml[183:33]: Unable to assign [undefined] to double
[33m  WARN[97m scene[0m: @modules/widgets/settings/ThemeTab.qml[183:33]: Unable to assign [undefined] to double
[33m  WARN[97m scene[0m: @modules/widgets/settings/ThemeTab.qml[183:33]: Unable to assign [undefined] to double
[33m  WARN[97m scene[0m: @modules/widgets/settings/ThemeTab.qml[183:33]: Unable to assign [undefined] to double
[33m  WARN[97m scene[0m: @modules/widgets/settings/ThemeTab.qml[183:33]: Unable to assign [undefined] to double
[33m  WARN[97m scene[0m: @modules/widgets/settings/ThemeTab.qml[183:33]: Unable to assign [undefined] to double
[33m  WARN[97m scene[0m: @modules/widgets/settings/ThemeTab.qml[183:33]: Unable to assign [undefined] to double
[33m  WARN[97m scene[0m: @modules/widgets/settings/ThemeTab.qml[183:33]: Unable to assign [undefined] to double
[33m  WARN[97m scene[0m: @modules/widgets/settings/ThemeTab.qml[183:33]: Unable to assign [undefined] to double
[33m  WARN[97m scene[0m: @modules/widgets/settings/ThemeTab.qml[183:33]: Unable to assign [undefined] to double
[33m  WARN[97m scene[0m: @modules/widgets/settings/ThemeTab.qml[183:33]: Unable to assign [undefined] to double
[33m  WARN[97m scene[0m: @modules/widgets/settings/ThemeTab.qml[183:33]: Unable to assign [undefined] to double
[33m  WARN[97m scene[0m: @modules/widgets/settings/ThemeTab.qml[183:33]: Unable to assign [undefined] to double
[33m  WARN[97m scene[0m: @modules/widgets/settings/ThemeTab.qml[183:33]: Unable to assign [undefined] to double
[33m  WARN[97m scene[0m: @modules/widgets/settings/ThemeTab.qml[183:33]: Unable to assign [undefined] to double
[33m  WARN[97m scene[0m: @modules/widgets/settings/ThemeTab.qml[183:33]: Unable to assign [undefined] to double
[33m  WARN[97m scene[0m: @modules/widgets/settings/VariantEditor.qml[161:41]: Unable to assign [undefined] to QString
[33m  WARN[97m scene[0m: @modules/widgets/settings/VariantEditor.qml[161:41]: Unable to assign [undefined] to QString
[33m  WARN[97m scene[0m: @modules/widgets/settings/VariantEditor.qml[161:41]: Unable to assign [undefined] to QString
[33m  WARN[97m scene[0m: @modules/bar/MicSlider.qml[70:13]: Unable to assign [undefined] to double
[33m  WARN[97m scene[0m: @modules/bar/MicSlider.qml[131:17]: Unable to assign [undefined] to QObject*
[33m  WARN[97m scene[0m: @modules/bar/VolumeSlider.qml[72:13]: Unable to assign [undefined] to double
[33m  WARN[97m scene[0m: @modules/bar/VolumeSlider.qml[144:17]: Unable to assign [undefined] to QObject*
[33m  WARN[97m scene[0m: @modules/bar/BrightnessSlider.qml[99:13]: Unable to assign [undefined] to double
[33m  WARN[97m scene[0m: @modules/bar/MicSlider.qml[70:13]: Unable to assign [undefined] to double
[33m  WARN[97m scene[0m: @modules/bar/MicSlider.qml[131:17]: Unable to assign [undefined] to QObject*
[33m  WARN[97m scene[0m: @modules/bar/VolumeSlider.qml[72:13]: Unable to assign [undefined] to double
[33m  WARN[97m scene[0m: @modules/bar/VolumeSlider.qml[144:17]: Unable to assign [undefined] to QObject*
[33m  WARN[97m scene[0m: @modules/bar/BrightnessSlider.qml[99:13]: Unable to assign [undefined] to double
[33m  WARN[97m scene[0m: @modules/widgets/settings/GradientStopsEditor.qml[514:17]: Unable to assign [undefined] to QString
[33m  WARN[97m scene[0m: @modules/widgets/settings/VariantEditor.qml[465:25]: Unable to assign [undefined] to QString
[33m  WARN[97m scene[0m: @modules/widgets/settings/VariantEditor.qml[671:33]: Unable to assign [undefined] to QString
[33m  WARN[97m scene[0m: @modules/widgets/settings/VariantEditor.qml[730:33]: Unable to assign [undefined] to QString
[33m  WARN[97m scene[0m: @modules/widgets/settings/VariantEditor.qml[811:33]: Unable to assign [undefined] to QString
[32m  INFO[0m: Configuration Loaded
[34m DEBUG[97m qml[0m: Merging and updating config.json...
[33m  WARN[97m scene[0m: QML FileView at @modules/services/MprisController.qml[30:5]: Read of /home/adriano/.local/share/Ambxst/lastPlayer.json failed: File does not exist.
[34m DEBUG[97m qml[0m: DEBUG: currentWall changed to: /home/adriano/Wallpapers/anime-girl-katana.mp4
[34m DEBUG[97m qml[0m: DEBUG: current wallpaper is: 
[34m DEBUG[97m qml[0m: DEBUG: initialLoadCompleted: false
[34m DEBUG[97m qml[0m: Loading wallpaper from JSON: /home/adriano/Wallpapers/anime-girl-katana.mp4
[33m  WARN[97m qml[0m: Saved wallpaper not found in current list: /home/adriano/Wallpapers/anime-girl-katana.mp4
[34m DEBUG[97m qml[0m: Wallpaper directory changed to: /home/adriano/Wallpapers
[34m DEBUG[97m qml[0m: Wallpaper directory changed to: /home/adriano/Wallpapers
[34m DEBUG[97m qml[0m: Starting scanSubfolders for directory: /home/adriano/Wallpapers
[33m  WARN[97m quickshell.service.sni.watcher[0m: Ignoring invalid StatusNotifierItem registration of :1.29543/StatusNotifierItem to watcher
[33m  WARN[97m quickshell.io.fileview[0m: got operation finished from dropped operation qs::io::FileViewOperation(0x7f20aaf8b720)
[34m DEBUG[97m qml[0m: ClipboardService: Database initialized
[34m DEBUG[97m qml[0m: Wallpaper directory updated. Found 5 images
[34m DEBUG[97m qml[0m: Saved wallpaper not found, using first
[34m DEBUG[97m qml[0m: DEBUG: Setting initialLoadCompleted to true
[34m DEBUG[97m qml[0m: scanSubfolders stdout: 
[34m DEBUG[97m qml[0m: Updated subfolderFilters: []
[34m DEBUG[97m qml[0m: Finished scanSubfolders
[34m DEBUG[97m qml[0m: Thumbnail Generator: 🖼️  Ambxst Thumbnail Generator
========================================
✓ Config loaded: /home/adriano/Wallpapers
✓ Thumbnails cache: /home/adriano/.local/share/Ambxst/thumbnails
✓ Found 666 media files
✓ All thumbnails are up to date

[34m DEBUG[97m qml[0m: ✅ Video thumbnails generated successfully
[34m DEBUG[97m qml[0m: wallpapers.json exists
[34m DEBUG[97m qml[0m: HyprlandKeybinds: Aplicando keybindings...
[34m DEBUG[97m qml[0m: HyprlandKeybinds: Ejecutando batch command
[34m DEBUG[97m qml[0m: Starting scanSubfolders for directory: /home/adriano/Wallpapers
[34m DEBUG[97m qml[0m: Killed mpvpaper processes, exit code: 1
[34m DEBUG[97m qml[0m: scanSubfolders stdout: /home/adriano/Wallpapers/Minecraft
/home/adriano/Wallpapers/Monochrome
/home/adriano/Wallpapers/Gruvbox
/home/adriano/Wallpapers/Catppuccin
/home/adriano/Wallpapers/Tokyonight
/home/adriano/Wallpapers/.git
/home/adriano/Wallpapers/Nord

[34m DEBUG[97m qml[0m: Updated subfolderFilters: [Catppuccin,Gruvbox,Minecraft,Monochrome,Nord,Tokyonight]
[34m DEBUG[97m qml[0m: Finished scanSubfolders
[34m DEBUG[97m qml[0m: Wallpaper directory updated. Found 666 images
[34m DEBUG[97m qml[0m: Source file changed to: /nix/store/8ba1b7i4av8qqvaca6cjya3aa5f4lqik-source/assets/wallpapers_example/example-1.jpg
[34m DEBUG[97m qml[0m: Initial mpvpaper run for: /nix/store/8ba1b7i4av8qqvaca6cjya3aa5f4lqik-source/assets/wallpapers_example/example-1.jpg
[34m DEBUG[97m qml[0m: Source file changed to: /home/adriano/Wallpapers/90s-sunset-retro-room-pixel.mp4
[34m DEBUG[97m qml[0m: Source file changed to: /home/adriano/Wallpapers/anime-girl-katana.mp4
[34m DEBUG[97m qml[0m: Loaded saved wallpaper at index: 84
[34m DEBUG[97m qml[0m: mpvpaper process exited with code: 15
[34m DEBUG[97m qml[0m: Thumbnail Generator: 🖼️  Ambxst Thumbnail Generator
========================================
✓ Config loaded: /home/adriano/Wallpapers
✓ Thumbnails cache: /home/adriano/.local/share/Ambxst/thumbnails
✓ Found 666 media files
✓ All thumbnails are up to date

[34m DEBUG[97m qml[0m: ✅ Video thumbnails generated successfully
[34m DEBUG[97m qml[0m: HyprlandConfig: Applying hyprctl batch command.
[34m DEBUG[97m qml[0m: Restarting mpvpaper for: /home/adriano/Wallpapers/anime-girl-katana.mp4
[34m DEBUG[97m qml[0m: mpvpaper process exited with code: 0
